Running ExUnit with seed: 334901, max_cases: 32

.Enabled
Disabled
Disabled
Disabled
Disabled
Enabled
Enabled
Enabled
Disabled
Disabled
Enabled
Enabled
Disabled
Enabled
Disabled
Enabled
Disabled
Disabled
Disabled
Enabled
Disabled
Disabled
Enabled
Enabled
Disabled
Enabled
Enabled
Disabled
Disabled
Enabled
Disabled
Enabled
Disabled
Enabled
Enabled
Disabled
Enabled
Enabled
Enabled
Enabled
Disabled
Enabled
Disabled
Disabled
Enabled
Disabled
Enabled
Disabled
Disabled
Disabled
Disabled
Disabled
Enabled
Enabled
Enabled
Enabled
Enabled
Enabled
Enabled
Enabled
Disabled
Disabled
Disabled
Enabled
Disabled
Enabled
Disabled
Disabled
Enabled
Enabled
191183308
95802804
.
Finished in 3.4 seconds (0.00s async, 3.4s sync)
1 doctest, 1 test, 0 failures
